[1.444s] DEBUG:colcon:Command line arguments: ['/usr/bin/colcon', 'build', '--symlink-install']
[1.444s] DEBUG:colcon:Parsed command line arguments: Namespace(allow_overriding=[], ament_cmake_args=None, base_paths=['.'], build_base='build', catkin_cmake_args=None, catkin_skip_building_tests=False, cmake_args=None, cmake_clean_cache=False, cmake_clean_first=False, cmake_force_configure=False, cmake_target=None, cmake_target_skip_unavailable=False, continue_on_error=False, event_handlers=None, executor='parallel', ignore_user_meta=False, install_base='install', log_base=None, log_level=None, main=<bound method BuildVerb.main of <colcon_core.verb.build.BuildVerb object at 0x7f8ce280d490>>, merge_install=False, metas=['./colcon.meta'], packages_above=None, packages_above_and_dependencies=None, packages_above_depth=None, packages_end=None, packages_ignore=None, packages_ignore_regex=None, packages_select=None, packages_select_build_failed=False, packages_select_by_dep=None, packages_select_regex=None, packages_select_test_failures=False, packages_skip=None, packages_skip_build_finished=False, packages_skip_by_dep=None, packages_skip_regex=None, packages_skip_test_passed=False, packages_skip_up_to=None, packages_start=None, packages_up_to=None, packages_up_to_regex=None, parallel_workers=1, paths=None, symlink_install=True, test_result_base=None, verb_extension=<colcon_core.verb.build.BuildVerb object at 0x7f8ce280d490>, verb_name='build', verb_parser=<colcon_defaults.argument_parser.defaults.DefaultArgumentsDecorator object at 0x7f8ce242fee0>)
[1.504s] Level 1:colcon.colcon_core.package_discovery:discover_packages(colcon_meta) check parameters
[1.504s] Level 1:colcon.colcon_core.package_discovery:discover_packages(recursive) check parameters
[1.504s] Level 1:colcon.colcon_core.package_discovery:discover_packages(ignore) check parameters
[1.504s] Level 1:colcon.colcon_core.package_discovery:discover_packages(path) check parameters
[1.504s] Level 1:colcon.colcon_core.package_discovery:discover_packages(colcon_meta) discover
[1.504s] Level 1:colcon.colcon_core.package_discovery:discover_packages(recursive) discover
[1.504s] INFO:colcon.colcon_core.package_discovery:Crawling recursively for packages in '/home/subhamss/dev_ws/src/articubot_one'
[1.504s] Level 1:colcon.colcon_core.package_identification:_identify(.) by extensions ['ignore', 'ignore_ament_install']
[1.505s] Level 1:colcon.colcon_core.package_identification:_identify(.) by extension 'ignore'
[1.505s] Level 1:colcon.colcon_core.package_identification:_identify(.) by extension 'ignore_ament_install'
[1.505s] Level 1:colcon.colcon_core.package_identification:_identify(.) by extensions ['colcon_pkg']
[1.505s] Level 1:colcon.colcon_core.package_identification:_identify(.) by extension 'colcon_pkg'
[1.505s] Level 1:colcon.colcon_core.package_identification:_identify(.) by extensions ['colcon_meta']
[1.505s] Level 1:colcon.colcon_core.package_identification:_identify(.) by extension 'colcon_meta'
[1.505s] Level 1:colcon.colcon_core.package_identification:_identify(.) by extensions ['ros']
[1.505s] Level 1:colcon.colcon_core.package_identification:_identify(.) by extension 'ros'
[1.513s] DEBUG:colcon.colcon_core.package_identification:Package '.' with type 'ros.ament_cmake' and name 'articubot_one'
[1.513s] Level 1:colcon.colcon_core.package_discovery:discover_packages(recursive) using defaults
[1.513s] Level 1:colcon.colcon_core.package_discovery:discover_packages(ignore) discover
[1.513s] Level 1:colcon.colcon_core.package_discovery:discover_packages(ignore) using defaults
[1.513s] Level 1:colcon.colcon_core.package_discovery:discover_packages(path) discover
[1.513s] Level 1:colcon.colcon_core.package_discovery:discover_packages(path) using defaults
[1.643s] Level 1:colcon.colcon_core.package_discovery:discover_packages(prefix_path) check parameters
[1.643s] Level 1:colcon.colcon_core.package_discovery:discover_packages(prefix_path) discover
[1.699s] DEBUG:colcon.colcon_installed_package_information.package_discovery:Found 1 installed packages in /home/subhamss/dev_ws/src/articubot_one/install
[1.724s] DEBUG:colcon.colcon_installed_package_information.package_discovery:Found 1 installed packages in /home/subhamss/dev_ws/install
[1.749s] DEBUG:colcon.colcon_installed_package_information.package_discovery:Found 293 installed packages in /opt/ros/foxy
[1.774s] Level 1:colcon.colcon_core.package_discovery:discover_packages(prefix_path) using defaults
[1.868s] Level 5:colcon.colcon_core.verb:set package 'articubot_one' build argument 'cmake_args' from command line to 'None'
[1.868s] Level 5:colcon.colcon_core.verb:set package 'articubot_one' build argument 'cmake_target' from command line to 'None'
[1.868s] Level 5:colcon.colcon_core.verb:set package 'articubot_one' build argument 'cmake_target_skip_unavailable' from command line to 'False'
[1.868s] Level 5:colcon.colcon_core.verb:set package 'articubot_one' build argument 'cmake_clean_cache' from command line to 'False'
[1.868s] Level 5:colcon.colcon_core.verb:set package 'articubot_one' build argument 'cmake_clean_first' from command line to 'False'
[1.868s] Level 5:colcon.colcon_core.verb:set package 'articubot_one' build argument 'cmake_force_configure' from command line to 'False'
[1.868s] Level 5:colcon.colcon_core.verb:set package 'articubot_one' build argument 'ament_cmake_args' from command line to 'None'
[1.868s] Level 5:colcon.colcon_core.verb:set package 'articubot_one' build argument 'catkin_cmake_args' from command line to 'None'
[1.868s] Level 5:colcon.colcon_core.verb:set package 'articubot_one' build argument 'catkin_skip_building_tests' from command line to 'False'
[1.868s] DEBUG:colcon.colcon_core.verb:Building package 'articubot_one' with the following arguments: {'ament_cmake_args': None, 'build_base': '/home/subhamss/dev_ws/src/articubot_one/build/articubot_one', 'catkin_cmake_args': None, 'catkin_skip_building_tests': False, 'cmake_args': None, 'cmake_clean_cache': False, 'cmake_clean_first': False, 'cmake_force_configure': False, 'cmake_target': None, 'cmake_target_skip_unavailable': False, 'install_base': '/home/subhamss/dev_ws/src/articubot_one/install/articubot_one', 'merge_install': False, 'path': '/home/subhamss/dev_ws/src/articubot_one', 'symlink_install': True, 'test_result_base': None}
[1.891s] INFO:colcon.colcon_core.executor:Executing jobs using 'parallel' executor
[1.915s] DEBUG:colcon.colcon_parallel_executor.executor.parallel:run_until_complete
[1.915s] INFO:colcon.colcon_ros.task.ament_cmake.build:Building ROS package in '/home/subhamss/dev_ws/src/articubot_one' with build type 'ament_cmake'
[1.915s] INFO:colcon.colcon_cmake.task.cmake.build:Building CMake package in '/home/subhamss/dev_ws/src/articubot_one'
[1.943s] INFO:colcon.colcon_core.plugin_system:Skipping extension 'colcon_core.shell.bat': Not used on non-Windows systems
[1.944s] INFO:colcon.colcon_core.shell:Skip shell extension 'powershell' for command environment: Not usable outside of PowerShell
[1.944s] DEBUG:colcon.colcon_core.shell:Skip shell extension 'dsv' for command environment
[2.151s] DEBUG:colcon.colcon_core.shell:Ignoring prefix path '/opt/ros/noetic'
[2.176s] DEBUG:colcon.colcon_core.event_handler.log_command:Invoking command in '/home/subhamss/dev_ws/src/articubot_one/build/articubot_one': CMAKE_PREFIX_PATH=/home/subhamss/dev_ws/src/articubot_one/install/articubot_one:/home/subhamss/dev_ws/install/articubot_one:/opt/ros/foxy:/opt/ros/noetic /usr/bin/cmake --build /home/subhamss/dev_ws/src/articubot_one/build/articubot_one -- -j1 -l1
[2.223s] DEBUG:colcon.colcon_core.event_handler.log_command:Invoked command in '/home/subhamss/dev_ws/src/articubot_one/build/articubot_one' returned '0': CMAKE_PREFIX_PATH=/home/subhamss/dev_ws/src/articubot_one/install/articubot_one:/home/subhamss/dev_ws/install/articubot_one:/opt/ros/foxy:/opt/ros/noetic /usr/bin/cmake --build /home/subhamss/dev_ws/src/articubot_one/build/articubot_one -- -j1 -l1
[2.266s] DEBUG:colcon.colcon_core.event_handler.log_command:Invoking command in '/home/subhamss/dev_ws/src/articubot_one/build/articubot_one': CMAKE_PREFIX_PATH=/home/subhamss/dev_ws/src/articubot_one/install/articubot_one:/home/subhamss/dev_ws/install/articubot_one:/opt/ros/foxy:/opt/ros/noetic /usr/bin/cmake --install /home/subhamss/dev_ws/src/articubot_one/build/articubot_one
[2.297s] Level 1:colcon.colcon_core.environment:create_environment_scripts_only(articubot_one)
[2.300s] DEBUG:colcon.colcon_core.event_handler.log_command:Invoked command in '/home/subhamss/dev_ws/src/articubot_one/build/articubot_one' returned '0': CMAKE_PREFIX_PATH=/home/subhamss/dev_ws/src/articubot_one/install/articubot_one:/home/subhamss/dev_ws/install/articubot_one:/opt/ros/foxy:/opt/ros/noetic /usr/bin/cmake --install /home/subhamss/dev_ws/src/articubot_one/build/articubot_one
[2.326s] Level 1:colcon.colcon_core.environment:checking '/home/subhamss/dev_ws/src/articubot_one/install/articubot_one' for CMake module files
[2.326s] Level 1:colcon.colcon_core.environment:checking '/home/subhamss/dev_ws/src/articubot_one/install/articubot_one' for CMake config files
[2.327s] Level 1:colcon.colcon_core.shell:create_environment_hook('articubot_one', 'cmake_prefix_path')
[2.351s] INFO:colcon.colcon_core.shell:Creating environment hook '/home/subhamss/dev_ws/src/articubot_one/install/articubot_one/share/articubot_one/hook/cmake_prefix_path.ps1'
[2.352s] INFO:colcon.colcon_core.shell:Creating environment descriptor '/home/subhamss/dev_ws/src/articubot_one/install/articubot_one/share/articubot_one/hook/cmake_prefix_path.dsv'
[2.354s] INFO:colcon.colcon_core.shell:Creating environment hook '/home/subhamss/dev_ws/src/articubot_one/install/articubot_one/share/articubot_one/hook/cmake_prefix_path.sh'
[2.355s] Level 1:colcon.colcon_core.environment:checking '/home/subhamss/dev_ws/src/articubot_one/install/articubot_one/bin'
[2.355s] Level 1:colcon.colcon_core.environment:checking '/home/subhamss/dev_ws/src/articubot_one/install/articubot_one/lib/pkgconfig/articubot_one.pc'
[2.356s] Level 1:colcon.colcon_core.environment:checking '/home/subhamss/dev_ws/src/articubot_one/install/articubot_one/lib/python3.8/site-packages'
[2.356s] Level 1:colcon.colcon_core.environment:checking '/home/subhamss/dev_ws/src/articubot_one/install/articubot_one/bin'
[2.384s] INFO:colcon.colcon_core.shell:Creating package script '/home/subhamss/dev_ws/src/articubot_one/install/articubot_one/share/articubot_one/package.ps1'
[2.386s] INFO:colcon.colcon_core.shell:Creating package descriptor '/home/subhamss/dev_ws/src/articubot_one/install/articubot_one/share/articubot_one/package.dsv'
[2.387s] INFO:colcon.colcon_core.shell:Creating package script '/home/subhamss/dev_ws/src/articubot_one/install/articubot_one/share/articubot_one/package.sh'
[2.388s] INFO:colcon.colcon_core.shell:Creating package script '/home/subhamss/dev_ws/src/articubot_one/install/articubot_one/share/articubot_one/package.bash'
[2.389s] INFO:colcon.colcon_core.shell:Creating package script '/home/subhamss/dev_ws/src/articubot_one/install/articubot_one/share/articubot_one/package.zsh'
[2.390s] Level 1:colcon.colcon_core.environment:create_file_with_runtime_dependencies(/home/subhamss/dev_ws/src/articubot_one/install/articubot_one/share/colcon-core/packages/articubot_one)
[2.454s] Level 1:colcon.colcon_core.environment:create_environment_scripts_only(articubot_one)
[2.482s] Level 1:colcon.colcon_core.environment:checking '/home/subhamss/dev_ws/src/articubot_one/install/articubot_one' for CMake module files
[2.483s] Level 1:colcon.colcon_core.environment:checking '/home/subhamss/dev_ws/src/articubot_one/install/articubot_one' for CMake config files
[2.483s] Level 1:colcon.colcon_core.shell:create_environment_hook('articubot_one', 'cmake_prefix_path')
[2.509s] INFO:colcon.colcon_core.shell:Creating environment hook '/home/subhamss/dev_ws/src/articubot_one/install/articubot_one/share/articubot_one/hook/cmake_prefix_path.ps1'
[2.510s] INFO:colcon.colcon_core.shell:Creating environment descriptor '/home/subhamss/dev_ws/src/articubot_one/install/articubot_one/share/articubot_one/hook/cmake_prefix_path.dsv'
[2.511s] INFO:colcon.colcon_core.shell:Creating environment hook '/home/subhamss/dev_ws/src/articubot_one/install/articubot_one/share/articubot_one/hook/cmake_prefix_path.sh'
[2.512s] Level 1:colcon.colcon_core.environment:checking '/home/subhamss/dev_ws/src/articubot_one/install/articubot_one/bin'
[2.512s] Level 1:colcon.colcon_core.environment:checking '/home/subhamss/dev_ws/src/articubot_one/install/articubot_one/lib/pkgconfig/articubot_one.pc'
[2.512s] Level 1:colcon.colcon_core.environment:checking '/home/subhamss/dev_ws/src/articubot_one/install/articubot_one/lib/python3.8/site-packages'
[2.512s] Level 1:colcon.colcon_core.environment:checking '/home/subhamss/dev_ws/src/articubot_one/install/articubot_one/bin'
[2.536s] INFO:colcon.colcon_core.shell:Creating package script '/home/subhamss/dev_ws/src/articubot_one/install/articubot_one/share/articubot_one/package.ps1'
[2.538s] INFO:colcon.colcon_core.shell:Creating package descriptor '/home/subhamss/dev_ws/src/articubot_one/install/articubot_one/share/articubot_one/package.dsv'
[2.539s] INFO:colcon.colcon_core.shell:Creating package script '/home/subhamss/dev_ws/src/articubot_one/install/articubot_one/share/articubot_one/package.sh'
[2.540s] INFO:colcon.colcon_core.shell:Creating package script '/home/subhamss/dev_ws/src/articubot_one/install/articubot_one/share/articubot_one/package.bash'
[2.540s] INFO:colcon.colcon_core.shell:Creating package script '/home/subhamss/dev_ws/src/articubot_one/install/articubot_one/share/articubot_one/package.zsh'
[2.543s] Level 1:colcon.colcon_core.environment:create_file_with_runtime_dependencies(/home/subhamss/dev_ws/src/articubot_one/install/articubot_one/share/colcon-core/packages/articubot_one)
[2.545s] DEBUG:colcon.colcon_parallel_executor.executor.parallel:closing loop
[2.546s] DEBUG:colcon.colcon_parallel_executor.executor.parallel:loop closed
[2.546s] DEBUG:colcon.colcon_parallel_executor.executor.parallel:run_until_complete finished with '0'
[2.546s] DEBUG:colcon.colcon_core.event_reactor:joining thread
[2.601s] INFO:colcon.colcon_core.plugin_system:Skipping extension 'colcon_notification.desktop_notification.terminal_notifier': Not used on non-Darwin systems
[2.601s] INFO:colcon.colcon_core.plugin_system:Skipping extension 'colcon_notification.desktop_notification.win32': Not used on non-Windows systems
[2.601s] INFO:colcon.colcon_notification.desktop_notification:Sending desktop notification using 'notify2'
[2.630s] DEBUG:colcon.colcon_core.event_reactor:joined thread
[2.679s] INFO:colcon.colcon_core.shell:Creating prefix script '/home/subhamss/dev_ws/src/articubot_one/install/local_setup.ps1'
[2.690s] INFO:colcon.colcon_core.shell:Creating prefix util module '/home/subhamss/dev_ws/src/articubot_one/install/_local_setup_util_ps1.py'
[2.694s] INFO:colcon.colcon_core.shell:Creating prefix chain script '/home/subhamss/dev_ws/src/articubot_one/install/setup.ps1'
[2.735s] INFO:colcon.colcon_core.shell:Creating prefix script '/home/subhamss/dev_ws/src/articubot_one/install/local_setup.sh'
[2.736s] INFO:colcon.colcon_core.shell:Creating prefix util module '/home/subhamss/dev_ws/src/articubot_one/install/_local_setup_util_sh.py'
[2.737s] INFO:colcon.colcon_core.shell:Creating prefix chain script '/home/subhamss/dev_ws/src/articubot_one/install/setup.sh'
[2.769s] INFO:colcon.colcon_core.shell:Creating prefix script '/home/subhamss/dev_ws/src/articubot_one/install/local_setup.bash'
[2.770s] INFO:colcon.colcon_core.shell:Creating prefix chain script '/home/subhamss/dev_ws/src/articubot_one/install/setup.bash'
[2.805s] INFO:colcon.colcon_core.shell:Creating prefix script '/home/subhamss/dev_ws/src/articubot_one/install/local_setup.zsh'
[2.806s] INFO:colcon.colcon_core.shell:Creating prefix chain script '/home/subhamss/dev_ws/src/articubot_one/install/setup.zsh'
