[1.425s] DEBUG:colcon:Command line arguments: ['/usr/bin/colcon', 'build', '--symlink-install']
[1.425s] DEBUG:colcon:Parsed command line arguments: Namespace(allow_overriding=[], ament_cmake_args=None, base_paths=['.'], build_base='build', catkin_cmake_args=None, catkin_skip_building_tests=False, cmake_args=None, cmake_clean_cache=False, cmake_clean_first=False, cmake_force_configure=False, cmake_target=None, cmake_target_skip_unavailable=False, continue_on_error=False, event_handlers=None, executor='parallel', ignore_user_meta=False, install_base='install', log_base=None, log_level=None, main=<bound method BuildVerb.main of <colcon_core.verb.build.BuildVerb object at 0x7f326da17490>>, merge_install=False, metas=['./colcon.meta'], packages_above=None, packages_above_and_dependencies=None, packages_above_depth=None, packages_end=None, packages_ignore=None, packages_ignore_regex=None, packages_select=None, packages_select_build_failed=False, packages_select_by_dep=None, packages_select_regex=None, packages_select_test_failures=False, packages_skip=None, packages_skip_build_finished=False, packages_skip_by_dep=None, packages_skip_regex=None, packages_skip_test_passed=False, packages_skip_up_to=None, packages_start=None, packages_up_to=None, packages_up_to_regex=None, parallel_workers=1, paths=None, symlink_install=True, test_result_base=None, verb_extension=<colcon_core.verb.build.BuildVerb object at 0x7f326da17490>, verb_name='build', verb_parser=<colcon_defaults.argument_parser.defaults.DefaultArgumentsDecorator object at 0x7f326d641cd0>)
[1.485s] Level 1:colcon.colcon_core.package_discovery:discover_packages(colcon_meta) check parameters
[1.485s] Level 1:colcon.colcon_core.package_discovery:discover_packages(recursive) check parameters
[1.485s] Level 1:colcon.colcon_core.package_discovery:discover_packages(ignore) check parameters
[1.485s] Level 1:colcon.colcon_core.package_discovery:discover_packages(path) check parameters
[1.486s] Level 1:colcon.colcon_core.package_discovery:discover_packages(colcon_meta) discover
[1.486s] Level 1:colcon.colcon_core.package_discovery:discover_packages(recursive) discover
[1.486s] INFO:colcon.colcon_core.package_discovery:Crawling recursively for packages in '/home/subhamss/dev_ws/src/articubot_one'
[1.486s] Level 1:colcon.colcon_core.package_identification:_identify(.) by extensions ['ignore', 'ignore_ament_install']
[1.486s] Level 1:colcon.colcon_core.package_identification:_identify(.) by extension 'ignore'
[1.486s] Level 1:colcon.colcon_core.package_identification:_identify(.) by extension 'ignore_ament_install'
[1.486s] Level 1:colcon.colcon_core.package_identification:_identify(.) by extensions ['colcon_pkg']
[1.486s] Level 1:colcon.colcon_core.package_identification:_identify(.) by extension 'colcon_pkg'
[1.486s] Level 1:colcon.colcon_core.package_identification:_identify(.) by extensions ['colcon_meta']
[1.486s] Level 1:colcon.colcon_core.package_identification:_identify(.) by extension 'colcon_meta'
[1.486s] Level 1:colcon.colcon_core.package_identification:_identify(.) by extensions ['ros']
[1.486s] Level 1:colcon.colcon_core.package_identification:_identify(.) by extension 'ros'
[1.494s] DEBUG:colcon.colcon_core.package_identification:Package '.' with type 'ros.ament_cmake' and name 'articubot_one'
[1.495s] Level 1:colcon.colcon_core.package_discovery:discover_packages(recursive) using defaults
[1.495s] Level 1:colcon.colcon_core.package_discovery:discover_packages(ignore) discover
[1.495s] Level 1:colcon.colcon_core.package_discovery:discover_packages(ignore) using defaults
[1.495s] Level 1:colcon.colcon_core.package_discovery:discover_packages(path) discover
[1.495s] Level 1:colcon.colcon_core.package_discovery:discover_packages(path) using defaults
[1.632s] Level 1:colcon.colcon_core.package_discovery:discover_packages(prefix_path) check parameters
[1.632s] Level 1:colcon.colcon_core.package_discovery:discover_packages(prefix_path) discover
[1.688s] DEBUG:colcon.colcon_installed_package_information.package_discovery:Found 1 installed packages in /home/subhamss/dev_ws/install
[1.712s] DEBUG:colcon.colcon_installed_package_information.package_discovery:Found 293 installed packages in /opt/ros/foxy
[1.737s] Level 1:colcon.colcon_core.package_discovery:discover_packages(prefix_path) using defaults
[1.830s] Level 5:colcon.colcon_core.verb:set package 'articubot_one' build argument 'cmake_args' from command line to 'None'
[1.830s] Level 5:colcon.colcon_core.verb:set package 'articubot_one' build argument 'cmake_target' from command line to 'None'
[1.830s] Level 5:colcon.colcon_core.verb:set package 'articubot_one' build argument 'cmake_target_skip_unavailable' from command line to 'False'
[1.830s] Level 5:colcon.colcon_core.verb:set package 'articubot_one' build argument 'cmake_clean_cache' from command line to 'False'
[1.831s] Level 5:colcon.colcon_core.verb:set package 'articubot_one' build argument 'cmake_clean_first' from command line to 'False'
[1.831s] Level 5:colcon.colcon_core.verb:set package 'articubot_one' build argument 'cmake_force_configure' from command line to 'False'
[1.831s] Level 5:colcon.colcon_core.verb:set package 'articubot_one' build argument 'ament_cmake_args' from command line to 'None'
[1.831s] Level 5:colcon.colcon_core.verb:set package 'articubot_one' build argument 'catkin_cmake_args' from command line to 'None'
[1.831s] Level 5:colcon.colcon_core.verb:set package 'articubot_one' build argument 'catkin_skip_building_tests' from command line to 'False'
[1.831s] DEBUG:colcon.colcon_core.verb:Building package 'articubot_one' with the following arguments: {'ament_cmake_args': None, 'build_base': '/home/subhamss/dev_ws/src/articubot_one/build/articubot_one', 'catkin_cmake_args': None, 'catkin_skip_building_tests': False, 'cmake_args': None, 'cmake_clean_cache': False, 'cmake_clean_first': False, 'cmake_force_configure': False, 'cmake_target': None, 'cmake_target_skip_unavailable': False, 'install_base': '/home/subhamss/dev_ws/src/articubot_one/install/articubot_one', 'merge_install': False, 'path': '/home/subhamss/dev_ws/src/articubot_one', 'symlink_install': True, 'test_result_base': None}
[1.854s] INFO:colcon.colcon_core.executor:Executing jobs using 'parallel' executor
[1.881s] DEBUG:colcon.colcon_parallel_executor.executor.parallel:run_until_complete
[1.881s] INFO:colcon.colcon_ros.task.ament_cmake.build:Building ROS package in '/home/subhamss/dev_ws/src/articubot_one' with build type 'ament_cmake'
[1.881s] INFO:colcon.colcon_cmake.task.cmake.build:Building CMake package in '/home/subhamss/dev_ws/src/articubot_one'
[1.907s] INFO:colcon.colcon_core.plugin_system:Skipping extension 'colcon_core.shell.bat': Not used on non-Windows systems
[1.907s] INFO:colcon.colcon_core.shell:Skip shell extension 'powershell' for command environment: Not usable outside of PowerShell
[1.907s] DEBUG:colcon.colcon_core.shell:Skip shell extension 'dsv' for command environment
[2.028s] DEBUG:colcon.colcon_core.shell:Ignoring prefix path '/opt/ros/noetic'
[2.058s] DEBUG:colcon.colcon_core.event_handler.log_command:Invoking command in '/home/subhamss/dev_ws/src/articubot_one/build/articubot_one': CMAKE_PREFIX_PATH=/home/subhamss/dev_ws/install/articubot_one:/opt/ros/foxy:/opt/ros/noetic /usr/bin/cmake /home/subhamss/dev_ws/src/articubot_one -DAMENT_CMAKE_SYMLINK_INSTALL=1 -DCMAKE_INSTALL_PREFIX=/home/subhamss/dev_ws/src/articubot_one/install/articubot_one
[3.306s] DEBUG:colcon.colcon_core.event_handler.log_command:Invoked command in '/home/subhamss/dev_ws/src/articubot_one/build/articubot_one' returned '0': CMAKE_PREFIX_PATH=/home/subhamss/dev_ws/install/articubot_one:/opt/ros/foxy:/opt/ros/noetic /usr/bin/cmake /home/subhamss/dev_ws/src/articubot_one -DAMENT_CMAKE_SYMLINK_INSTALL=1 -DCMAKE_INSTALL_PREFIX=/home/subhamss/dev_ws/src/articubot_one/install/articubot_one
[3.307s] DEBUG:colcon.colcon_core.event_handler.log_command:Invoking command in '/home/subhamss/dev_ws/src/articubot_one/build/articubot_one': CMAKE_PREFIX_PATH=/home/subhamss/dev_ws/install/articubot_one:/opt/ros/foxy:/opt/ros/noetic /usr/bin/cmake --build /home/subhamss/dev_ws/src/articubot_one/build/articubot_one -- -j1 -l1
[3.342s] DEBUG:colcon.colcon_core.event_handler.log_command:Invoked command in '/home/subhamss/dev_ws/src/articubot_one/build/articubot_one' returned '0': CMAKE_PREFIX_PATH=/home/subhamss/dev_ws/install/articubot_one:/opt/ros/foxy:/opt/ros/noetic /usr/bin/cmake --build /home/subhamss/dev_ws/src/articubot_one/build/articubot_one -- -j1 -l1
[3.376s] DEBUG:colcon.colcon_core.event_handler.log_command:Invoking command in '/home/subhamss/dev_ws/src/articubot_one/build/articubot_one': CMAKE_PREFIX_PATH=/home/subhamss/dev_ws/install/articubot_one:/opt/ros/foxy:/opt/ros/noetic /usr/bin/cmake --install /home/subhamss/dev_ws/src/articubot_one/build/articubot_one
[3.610s] Level 1:colcon.colcon_core.environment:create_environment_scripts_only(articubot_one)
[3.610s] DEBUG:colcon.colcon_core.event_handler.log_command:Invoked command in '/home/subhamss/dev_ws/src/articubot_one/build/articubot_one' returned '0': CMAKE_PREFIX_PATH=/home/subhamss/dev_ws/install/articubot_one:/opt/ros/foxy:/opt/ros/noetic /usr/bin/cmake --install /home/subhamss/dev_ws/src/articubot_one/build/articubot_one
[3.638s] Level 1:colcon.colcon_core.environment:checking '/home/subhamss/dev_ws/src/articubot_one/install/articubot_one' for CMake module files
[3.638s] Level 1:colcon.colcon_core.environment:checking '/home/subhamss/dev_ws/src/articubot_one/install/articubot_one' for CMake config files
[3.638s] Level 1:colcon.colcon_core.shell:create_environment_hook('articubot_one', 'cmake_prefix_path')
[3.686s] INFO:colcon.colcon_core.shell:Creating environment hook '/home/subhamss/dev_ws/src/articubot_one/install/articubot_one/share/articubot_one/hook/cmake_prefix_path.ps1'
[3.686s] INFO:colcon.colcon_core.shell:Creating environment descriptor '/home/subhamss/dev_ws/src/articubot_one/install/articubot_one/share/articubot_one/hook/cmake_prefix_path.dsv'
[3.687s] INFO:colcon.colcon_core.shell:Creating environment hook '/home/subhamss/dev_ws/src/articubot_one/install/articubot_one/share/articubot_one/hook/cmake_prefix_path.sh'
[3.687s] Level 1:colcon.colcon_core.environment:checking '/home/subhamss/dev_ws/src/articubot_one/install/articubot_one/bin'
[3.687s] Level 1:colcon.colcon_core.environment:checking '/home/subhamss/dev_ws/src/articubot_one/install/articubot_one/lib/pkgconfig/articubot_one.pc'
[3.687s] Level 1:colcon.colcon_core.environment:checking '/home/subhamss/dev_ws/src/articubot_one/install/articubot_one/lib/python3.8/site-packages'
[3.688s] Level 1:colcon.colcon_core.environment:checking '/home/subhamss/dev_ws/src/articubot_one/install/articubot_one/bin'
[3.717s] INFO:colcon.colcon_core.shell:Creating package script '/home/subhamss/dev_ws/src/articubot_one/install/articubot_one/share/articubot_one/package.ps1'
[3.718s] INFO:colcon.colcon_core.shell:Creating package descriptor '/home/subhamss/dev_ws/src/articubot_one/install/articubot_one/share/articubot_one/package.dsv'
[3.718s] INFO:colcon.colcon_core.shell:Creating package script '/home/subhamss/dev_ws/src/articubot_one/install/articubot_one/share/articubot_one/package.sh'
[3.719s] INFO:colcon.colcon_core.shell:Creating package script '/home/subhamss/dev_ws/src/articubot_one/install/articubot_one/share/articubot_one/package.bash'
[3.719s] INFO:colcon.colcon_core.shell:Creating package script '/home/subhamss/dev_ws/src/articubot_one/install/articubot_one/share/articubot_one/package.zsh'
[3.720s] Level 1:colcon.colcon_core.environment:create_file_with_runtime_dependencies(/home/subhamss/dev_ws/src/articubot_one/install/articubot_one/share/colcon-core/packages/articubot_one)
[3.769s] Level 1:colcon.colcon_core.environment:create_environment_scripts_only(articubot_one)
[3.804s] Level 1:colcon.colcon_core.environment:checking '/home/subhamss/dev_ws/src/articubot_one/install/articubot_one' for CMake module files
[3.805s] Level 1:colcon.colcon_core.environment:checking '/home/subhamss/dev_ws/src/articubot_one/install/articubot_one' for CMake config files
[3.805s] Level 1:colcon.colcon_core.shell:create_environment_hook('articubot_one', 'cmake_prefix_path')
[3.829s] INFO:colcon.colcon_core.shell:Creating environment hook '/home/subhamss/dev_ws/src/articubot_one/install/articubot_one/share/articubot_one/hook/cmake_prefix_path.ps1'
[3.831s] INFO:colcon.colcon_core.shell:Creating environment descriptor '/home/subhamss/dev_ws/src/articubot_one/install/articubot_one/share/articubot_one/hook/cmake_prefix_path.dsv'
[3.832s] INFO:colcon.colcon_core.shell:Creating environment hook '/home/subhamss/dev_ws/src/articubot_one/install/articubot_one/share/articubot_one/hook/cmake_prefix_path.sh'
[3.833s] Level 1:colcon.colcon_core.environment:checking '/home/subhamss/dev_ws/src/articubot_one/install/articubot_one/bin'
[3.833s] Level 1:colcon.colcon_core.environment:checking '/home/subhamss/dev_ws/src/articubot_one/install/articubot_one/lib/pkgconfig/articubot_one.pc'
[3.833s] Level 1:colcon.colcon_core.environment:checking '/home/subhamss/dev_ws/src/articubot_one/install/articubot_one/lib/python3.8/site-packages'
[3.833s] Level 1:colcon.colcon_core.environment:checking '/home/subhamss/dev_ws/src/articubot_one/install/articubot_one/bin'
[3.858s] INFO:colcon.colcon_core.shell:Creating package script '/home/subhamss/dev_ws/src/articubot_one/install/articubot_one/share/articubot_one/package.ps1'
[3.860s] INFO:colcon.colcon_core.shell:Creating package descriptor '/home/subhamss/dev_ws/src/articubot_one/install/articubot_one/share/articubot_one/package.dsv'
[3.860s] INFO:colcon.colcon_core.shell:Creating package script '/home/subhamss/dev_ws/src/articubot_one/install/articubot_one/share/articubot_one/package.sh'
[3.863s] INFO:colcon.colcon_core.shell:Creating package script '/home/subhamss/dev_ws/src/articubot_one/install/articubot_one/share/articubot_one/package.bash'
[3.864s] INFO:colcon.colcon_core.shell:Creating package script '/home/subhamss/dev_ws/src/articubot_one/install/articubot_one/share/articubot_one/package.zsh'
[3.864s] Level 1:colcon.colcon_core.environment:create_file_with_runtime_dependencies(/home/subhamss/dev_ws/src/articubot_one/install/articubot_one/share/colcon-core/packages/articubot_one)
[3.865s] DEBUG:colcon.colcon_parallel_executor.executor.parallel:closing loop
[3.866s] DEBUG:colcon.colcon_parallel_executor.executor.parallel:loop closed
[3.866s] DEBUG:colcon.colcon_parallel_executor.executor.parallel:run_until_complete finished with '0'
[3.866s] DEBUG:colcon.colcon_core.event_reactor:joining thread
[3.897s] INFO:colcon.colcon_core.plugin_system:Skipping extension 'colcon_notification.desktop_notification.terminal_notifier': Not used on non-Darwin systems
[3.897s] INFO:colcon.colcon_core.plugin_system:Skipping extension 'colcon_notification.desktop_notification.win32': Not used on non-Windows systems
[3.897s] INFO:colcon.colcon_notification.desktop_notification:Sending desktop notification using 'notify2'
[3.918s] DEBUG:colcon.colcon_core.event_reactor:joined thread
[3.970s] INFO:colcon.colcon_core.shell:Creating prefix script '/home/subhamss/dev_ws/src/articubot_one/install/local_setup.ps1'
[3.981s] INFO:colcon.colcon_core.shell:Creating prefix util module '/home/subhamss/dev_ws/src/articubot_one/install/_local_setup_util_ps1.py'
[3.982s] INFO:colcon.colcon_core.shell:Creating prefix chain script '/home/subhamss/dev_ws/src/articubot_one/install/setup.ps1'
[4.031s] INFO:colcon.colcon_core.shell:Creating prefix script '/home/subhamss/dev_ws/src/articubot_one/install/local_setup.sh'
[4.031s] INFO:colcon.colcon_core.shell:Creating prefix util module '/home/subhamss/dev_ws/src/articubot_one/install/_local_setup_util_sh.py'
[4.031s] INFO:colcon.colcon_core.shell:Creating prefix chain script '/home/subhamss/dev_ws/src/articubot_one/install/setup.sh'
[4.086s] INFO:colcon.colcon_core.shell:Creating prefix script '/home/subhamss/dev_ws/src/articubot_one/install/local_setup.bash'
[4.086s] INFO:colcon.colcon_core.shell:Creating prefix chain script '/home/subhamss/dev_ws/src/articubot_one/install/setup.bash'
[4.136s] INFO:colcon.colcon_core.shell:Creating prefix script '/home/subhamss/dev_ws/src/articubot_one/install/local_setup.zsh'
[4.138s] INFO:colcon.colcon_core.shell:Creating prefix chain script '/home/subhamss/dev_ws/src/articubot_one/install/setup.zsh'
